2024-06-05 11:31:05 (UTC) iota_client::node_manager::syncing         [94mDEBUG[0m sync_nodes
2024-06-05 11:31:05 (UTC) reqwest::connect                           [94mDEBUG[0m starting new connection: http://140.112.18.206:14265/
2024-06-05 11:31:05 (UTC) iota_client::node_manager::http_client     [94mDEBUG[0m GET: 22 ms for 200 OK http://140.112.18.206:14265/api/core/v2/info
2024-06-05 11:31:05 (UTC) iota_client::message_interface::message_handler [94mDEBUG[0m Message: GetInfo
2024-06-05 11:31:05 (UTC) reqwest::connect                           [94mDEBUG[0m starting new connection: http://140.112.18.206:14265/
2024-06-05 11:31:05 (UTC) iota_client::node_manager::http_client     [94mDEBUG[0m GET: 9 ms for 200 OK http://140.112.18.206:14265/api/core/v2/info
2024-06-05 11:31:05 (UTC) iota_client::message_interface::message_handler [94mDEBUG[0m Response: Info(NodeInfoWrapper { node_info: InfoResponse { name: "HORNET", version: "2.0.1", status: StatusResponse { is_healthy: true, latest_milestone: LatestMilestoneResponse { index: 364118, timestamp: Some(1717587061), milestone_id: Some("0x35a72ac1ea06a4d069666c538858f8173e7fa498bec25122e9d65d92a7e599be") }, confirmed_milestone: ConfirmedMilestoneResponse { index: 364118, timestamp: Some(1717587061), milestone_id: Some("0x35a72ac1ea06a4d069666c538858f8173e7fa498bec25122e9d65d92a7e599be") }, pruning_index: 0 }, supported_protocol_versions: [2], protocol: ProtocolParametersDto { protocol_version: 2, network_name: "private_tangle1", bech32_hrp: "tst", min_pow_score: 0, below_max_depth: 15, rent_structure: RentStructureDto { v_byte_cost: 500, v_byte_factor_key: 10, v_byte_factor_data: 1 }, token_supply: "2779530283277761" }, pending_protocol_parameters: [], base_token: BaseTokenResponse { name: "TestCoin", ticker_symbol: "TEST", unit: "TEST", subunit: Some("testies"), decimals: 6, use_metric_prefix: false }, metrics: MetricsResponse { blocks_per_second: 0.2, referenced_blocks_per_second: 0.2, referenced_rate: 100.0 }, features: ["pow"] }, url: "http://140.112.18.206" })
2024-06-05 11:35:32 (UTC) iota_client::node_manager::syncing         [94mDEBUG[0m sync_nodes
2024-06-05 11:35:32 (UTC) reqwest::connect                           [94mDEBUG[0m starting new connection: https://api.testnet.shimmer.network/
2024-06-05 11:35:36 (UTC) rustls::client::hs                         [94mDEBUG[0m No cached session for DnsName(DnsName(DnsName("api.testnet.shimmer.network")))
2024-06-05 11:35:36 (UTC) rustls::client::hs                         [94mDEBUG[0m Not resuming any session
2024-06-05 11:35:36 (UTC) rustls::client::hs                         [94mDEBUG[0m Using ciphersuite TLS13_AES_256_GCM_SHA384
2024-06-05 11:35:36 (UTC) rustls::client::tls13                      [94mDEBUG[0m Not resuming
2024-06-05 11:35:36 (UTC) rustls::client::tls13                      [94mDEBUG[0m TLS1.3 encrypted extensions: [ServerNameAck, Protocols([6832])]
2024-06-05 11:35:36 (UTC) rustls::client::hs                         [94mDEBUG[0m ALPN protocol is Some(b"h2")
2024-06-05 11:35:36 (UTC) rustls::client::tls13                      [94mDEBUG[0m Ticket saved
2024-06-05 11:35:36 (UTC) rustls::client::tls13                      [94mDEBUG[0m Ticket saved
2024-06-05 11:35:37 (UTC) iota_client::node_manager::http_client     [94mDEBUG[0m GET: 4913 ms for 200 OK https://api.testnet.shimmer.network/api/core/v2/info
2024-06-05 11:35:37 (UTC) rustls::conn                               [94mDEBUG[0m Sending warning alert CloseNotify
2024-06-05 11:35:37 (UTC) iota_client::message_interface::message_handler [94mDEBUG[0m Message: GetInfo
2024-06-05 11:35:37 (UTC) reqwest::connect                           [94mDEBUG[0m starting new connection: https://api.testnet.shimmer.network/
2024-06-05 11:35:37 (UTC) rustls::client::hs                         [94mDEBUG[0m No cached session for DnsName(DnsName(DnsName("api.testnet.shimmer.network")))
2024-06-05 11:35:37 (UTC) rustls::client::hs                         [94mDEBUG[0m Not resuming any session
2024-06-05 11:35:37 (UTC) rustls::client::hs                         [94mDEBUG[0m Using ciphersuite TLS13_AES_256_GCM_SHA384
2024-06-05 11:35:37 (UTC) rustls::client::tls13                      [94mDEBUG[0m Not resuming
2024-06-05 11:35:37 (UTC) rustls::client::tls13                      [94mDEBUG[0m TLS1.3 encrypted extensions: [ServerNameAck, Protocols([6832])]
2024-06-05 11:35:37 (UTC) rustls::client::hs                         [94mDEBUG[0m ALPN protocol is Some(b"h2")
2024-06-05 11:35:38 (UTC) rustls::client::tls13                      [94mDEBUG[0m Ticket saved
2024-06-05 11:35:38 (UTC) rustls::client::tls13                      [94mDEBUG[0m Ticket saved
2024-06-05 11:35:38 (UTC) iota_client::node_manager::http_client     [94mDEBUG[0m GET: 1547 ms for 200 OK https://api.testnet.shimmer.network/api/core/v2/info
2024-06-05 11:35:39 (UTC) iota_client::message_interface::message_handler [94mDEBUG[0m Response: Info(NodeInfoWrapper { node_info: InfoResponse { name: "HORNET", version: "2.0.0", status: StatusResponse { is_healthy: true, latest_milestone: LatestMilestoneResponse { index: 3908476, timestamp: Some(1717587331), milestone_id: Some("0x4ffe8e78e3c83510bcc5601796e92c889d5fcd9c3547aabb074d7aa72f56014e") }, confirmed_milestone: ConfirmedMilestoneResponse { index: 3908476, timestamp: Some(1717587331), milestone_id: Some("0x4ffe8e78e3c83510bcc5601796e92c889d5fcd9c3547aabb074d7aa72f56014e") }, pruning_index: 1149402 }, supported_protocol_versions: [2], protocol: ProtocolParametersDto { protocol_version: 2, network_name: "testnet-2", bech32_hrp: "rms", min_pow_score: 1500, below_max_depth: 15, rent_structure: RentStructureDto { v_byte_cost: 100, v_byte_factor_key: 10, v_byte_factor_data: 1 }, token_supply: "288230376151711743" }, pending_protocol_parameters: [], base_token: BaseTokenResponse { name: "Shimmer", ticker_symbol: "SMR", unit: "SMR", subunit: Some("glow"), decimals: 6, use_metric_prefix: false }, metrics: MetricsResponse { blocks_per_second: 1.6666666666666667, referenced_blocks_per_second: 2.3333333333333335, referenced_rate: 140.0 }, features: [] }, url: "https://api.testnet.shimmer.network" })
2024-06-05 11:35:39 (UTC) iota_client::message_interface::message_handler [94mDEBUG[0m Message: GenerateMnemonic
2024-06-05 11:35:39 (UTC) iota_client::message_interface::message_handler [94mDEBUG[0m Response: GeneratedMnemonic(<omitted>)
2024-06-05 11:37:38 (UTC) iota_client::node_manager::syncing         [94mDEBUG[0m sync_nodes
2024-06-05 11:37:38 (UTC) reqwest::connect                           [94mDEBUG[0m starting new connection: https://api.testnet.shimmer.network/
2024-06-05 11:37:38 (UTC) rustls::client::hs                         [94mDEBUG[0m No cached session for DnsName(DnsName(DnsName("api.testnet.shimmer.network")))
2024-06-05 11:37:38 (UTC) rustls::client::hs                         [94mDEBUG[0m Not resuming any session
2024-06-05 11:37:38 (UTC) rustls::client::hs                         [94mDEBUG[0m Using ciphersuite TLS13_AES_256_GCM_SHA384
2024-06-05 11:37:38 (UTC) rustls::client::tls13                      [94mDEBUG[0m Not resuming
2024-06-05 11:37:38 (UTC) rustls::client::tls13                      [94mDEBUG[0m TLS1.3 encrypted extensions: [ServerNameAck, Protocols([6832])]
2024-06-05 11:37:38 (UTC) rustls::client::hs                         [94mDEBUG[0m ALPN protocol is Some(b"h2")
2024-06-05 11:37:38 (UTC) rustls::client::tls13                      [94mDEBUG[0m Ticket saved
2024-06-05 11:37:38 (UTC) rustls::client::tls13                      [94mDEBUG[0m Ticket saved
2024-06-05 11:37:39 (UTC) iota_client::node_manager::http_client     [94mDEBUG[0m GET: 1108 ms for 200 OK https://api.testnet.shimmer.network/api/core/v2/info
2024-06-05 11:37:39 (UTC) rustls::conn                               [94mDEBUG[0m Sending warning alert CloseNotify
2024-06-05 11:37:39 (UTC) iota_client::message_interface::message_handler [94mDEBUG[0m Message: GetInfo
2024-06-05 11:37:39 (UTC) reqwest::connect                           [94mDEBUG[0m starting new connection: https://api.testnet.shimmer.network/
2024-06-05 11:37:39 (UTC) rustls::client::hs                         [94mDEBUG[0m No cached session for DnsName(DnsName(DnsName("api.testnet.shimmer.network")))
2024-06-05 11:37:39 (UTC) rustls::client::hs                         [94mDEBUG[0m Not resuming any session
2024-06-05 11:37:39 (UTC) rustls::client::hs                         [94mDEBUG[0m Using ciphersuite TLS13_AES_256_GCM_SHA384
2024-06-05 11:37:39 (UTC) rustls::client::tls13                      [94mDEBUG[0m Not resuming
2024-06-05 11:37:39 (UTC) rustls::client::tls13                      [94mDEBUG[0m TLS1.3 encrypted extensions: [ServerNameAck, Protocols([6832])]
2024-06-05 11:37:39 (UTC) rustls::client::hs                         [94mDEBUG[0m ALPN protocol is Some(b"h2")
2024-06-05 11:37:39 (UTC) rustls::client::tls13                      [94mDEBUG[0m Ticket saved
2024-06-05 11:37:39 (UTC) rustls::client::tls13                      [94mDEBUG[0m Ticket saved
2024-06-05 11:37:40 (UTC) iota_client::node_manager::http_client     [94mDEBUG[0m GET: 1179 ms for 200 OK https://api.testnet.shimmer.network/api/core/v2/info
2024-06-05 11:37:40 (UTC) iota_client::message_interface::message_handler [94mDEBUG[0m Response: Info(NodeInfoWrapper { node_info: InfoResponse { name: "HORNET", version: "2.0.0", status: StatusResponse { is_healthy: true, latest_milestone: LatestMilestoneResponse { index: 3908500, timestamp: Some(1717587452), milestone_id: Some("0xe7020a4a9a24f050e4f64f9f04b8ef9be9748930b240f73eef4779947ebc480d") }, confirmed_milestone: ConfirmedMilestoneResponse { index: 3908500, timestamp: Some(1717587452), milestone_id: Some("0xe7020a4a9a24f050e4f64f9f04b8ef9be9748930b240f73eef4779947ebc480d") }, pruning_index: 1142133 }, supported_protocol_versions: [2], protocol: ProtocolParametersDto { protocol_version: 2, network_name: "testnet-2", bech32_hrp: "rms", min_pow_score: 1500, below_max_depth: 15, rent_structure: RentStructureDto { v_byte_cost: 100, v_byte_factor_key: 10, v_byte_factor_data: 1 }, token_supply: "288230376151711743" }, pending_protocol_parameters: [], base_token: BaseTokenResponse { name: "Shimmer", ticker_symbol: "SMR", unit: "SMR", subunit: Some("glow"), decimals: 6, use_metric_prefix: false }, metrics: MetricsResponse { blocks_per_second: 3.2, referenced_blocks_per_second: 2.0, referenced_rate: 62.5 }, features: [] }, url: "https://api.testnet.shimmer.network" })
2024-06-05 11:37:40 (UTC) iota_client::message_interface::message_handler [94mDEBUG[0m Message: GenerateMnemonic
2024-06-05 11:37:40 (UTC) iota_client::message_interface::message_handler [94mDEBUG[0m Response: GeneratedMnemonic(<omitted>)
2024-06-05 11:42:40 (UTC) iota_client::node_manager::syncing         [94mDEBUG[0m sync_nodes
2024-06-05 11:42:40 (UTC) reqwest::connect                           [94mDEBUG[0m starting new connection: https://api.testnet.shimmer.network/
2024-06-05 11:42:43 (UTC) rustls::client::hs                         [94mDEBUG[0m No cached session for DnsName(DnsName(DnsName("api.testnet.shimmer.network")))
2024-06-05 11:42:43 (UTC) rustls::client::hs                         [94mDEBUG[0m Not resuming any session
2024-06-05 11:42:43 (UTC) rustls::client::hs                         [94mDEBUG[0m Using ciphersuite TLS13_AES_256_GCM_SHA384
2024-06-05 11:42:43 (UTC) rustls::client::tls13                      [94mDEBUG[0m Not resuming
2024-06-05 11:42:43 (UTC) rustls::client::tls13                      [94mDEBUG[0m TLS1.3 encrypted extensions: [ServerNameAck, Protocols([6832])]
2024-06-05 11:42:43 (UTC) rustls::client::hs                         [94mDEBUG[0m ALPN protocol is Some(b"h2")
2024-06-05 11:42:43 (UTC) rustls::client::tls13                      [94mDEBUG[0m Ticket saved
2024-06-05 11:42:43 (UTC) rustls::client::tls13                      [94mDEBUG[0m Ticket saved
2024-06-05 11:42:44 (UTC) iota_client::node_manager::http_client     [94mDEBUG[0m GET: 4029 ms for 200 OK https://api.testnet.shimmer.network/api/core/v2/info
2024-06-05 11:42:44 (UTC) rustls::conn                               [94mDEBUG[0m Sending warning alert CloseNotify
2024-06-05 11:42:44 (UTC) client::message_handler                    [94mDEBUG[0m Error("unknown variant `stronghold`, expected one of `Mnemonic`, `HexSeed`, `Placeholder`", line: 1, column: 65)
2024-06-05 11:43:16 (UTC) iota_client::node_manager::syncing         [94mDEBUG[0m sync_nodes
2024-06-05 11:43:16 (UTC) reqwest::connect                           [94mDEBUG[0m starting new connection: http://140.112.18.206:14265/
2024-06-05 11:43:16 (UTC) iota_client::node_manager::http_client     [94mDEBUG[0m GET: 65 ms for 200 OK http://140.112.18.206:14265/api/core/v2/info
2024-06-05 11:43:16 (UTC) client::message_handler                    [94mDEBUG[0m Error("unknown variant `stronghold`, expected one of `Mnemonic`, `HexSeed`, `Placeholder`", line: 1, column: 65)
2024-06-05 11:44:39 (UTC) iota_client::node_manager::syncing         [94mDEBUG[0m sync_nodes
2024-06-05 11:44:39 (UTC) reqwest::connect                           [94mDEBUG[0m starting new connection: http://140.112.18.206:14265/
2024-06-05 11:44:39 (UTC) iota_client::node_manager::http_client     [94mDEBUG[0m GET: 138 ms for 200 OK http://140.112.18.206:14265/api/core/v2/info
2024-06-05 11:44:39 (UTC) iota_client::message_interface::message_handler [94mDEBUG[0m Response: GenerateAddresses{ secret_manager: <omitted>, options: GetAddressesBuilderOptions { coin_type: None, account_index: Some(0), range: None, internal: None, bech32_hrp: None, options: None } }
2024-06-05 11:44:39 (UTC) iota_client::message_interface::message_handler [94mDEBUG[0m Response: GeneratedAddresses(["tst1qrq3klqdrpxfmy32hpp59y0m855j6k7fk3za5kw55fexkchqekwmyqs0qu3", "tst1qqjzd3pz809sz2pdkpn265j3zuxmf558ydqnqzf7623htv6lt8jvwa2mcem", "tst1qz0fnjk62jzmtukr0cqgqkcgk2cmxtak8943url504q0cax5rasnuun5kq7", "tst1qpnrmqngvjjesfjau3tt3r9n753vhzg8t7ugv95njhuvml8g7c2twskcc5f", "tst1qqvglm2rmhrvrjxe8azf7xsup0lq9qjz06ll2swkdma7t54juejn6kt9nht", "tst1qqq3cs0r45kezw539azuxy9w9rq8n9m2dlqvz4k0k946gsum69yr54rn67a", "tst1qrapud7puhrd94aa7x4fwqquytl62a85aaj0j7upa8ud8uf880ssvav5752", "tst1qqgu04w9pjxjwfz84dyu2mkcj3jpc043q4g6faun4p3fa3y2892scw8jvyw", "tst1qr9460j8dn2fkgsehszsy0vp6qfzsu3agluru6axnstmc339lapjjnap0sn", "tst1qp50rcvjujwntac4hrgzqr2fg3gek9grt4e6shsjn73hfzq2zrg9jmahfl9", "tst1qr5jnxzva2s6yytw3rshq0vka2lefqle5p7e322xgkqrv2ykhlh27kjsjx7", "tst1qp5eprzvcjqmsuvluyutewmf4g8sge8ujxtn7ffms23um6r8mn8xue2ql69", "tst1qzcey0qzatlq27ycv3dayv5ehwnt44c3jr25m70ch7egzaj9s8vcu0lceph", "tst1qrytn0jp4825j28fuuf2mephxfdml5k8eh57akkxe3w37q5fjfdzvc5qeu8", "tst1qpc4faf4jhdeu6epf6q47l5hdfje3g2jlclsgheq9xxn3trj0uccq47e9gw", "tst1qp4smuglc3mupu7ws05zny7sa9j7kc8g3s92l8pln6d76q3us9wc5casdz9", "tst1qpz47hqqt8tetfk5v2jxasa265j76wt4gxc2xh6vjrnv3qs3gkjjjx0zqz5", "tst1qzgyhdfms6lxuq3wfqsd6ww5l8ep5uj89r852tle4wck08xx6m7xuul8vxl", "tst1qrrraj7s4ceara6esx44r8zus8matdwza6njw6ewvj7z4c05fyxzqyrcl4r", "tst1qqw59t5v2q9kvknhchrl5r4xzcvjmlsdvxgndsjr4430uy270t2gzzx4e25"])
2024-06-05 11:53:56 (UTC) iota_client::node_manager::syncing         [94mDEBUG[0m sync_nodes
2024-06-05 11:53:56 (UTC) reqwest::connect                           [94mDEBUG[0m starting new connection: https://api.testnet.shimmer.network/
2024-06-05 11:53:56 (UTC) rustls::client::hs                         [94mDEBUG[0m No cached session for DnsName(DnsName(DnsName("api.testnet.shimmer.network")))
2024-06-05 11:53:56 (UTC) rustls::client::hs                         [94mDEBUG[0m Not resuming any session
2024-06-05 11:53:56 (UTC) rustls::client::hs                         [94mDEBUG[0m Using ciphersuite TLS13_AES_256_GCM_SHA384
2024-06-05 11:53:56 (UTC) rustls::client::tls13                      [94mDEBUG[0m Not resuming
2024-06-05 11:53:56 (UTC) rustls::client::tls13                      [94mDEBUG[0m TLS1.3 encrypted extensions: [ServerNameAck, Protocols([6832])]
2024-06-05 11:53:56 (UTC) rustls::client::hs                         [94mDEBUG[0m ALPN protocol is Some(b"h2")
2024-06-05 11:53:57 (UTC) rustls::client::tls13                      [94mDEBUG[0m Ticket saved
2024-06-05 11:53:57 (UTC) rustls::client::tls13                      [94mDEBUG[0m Ticket saved
2024-06-05 11:53:58 (UTC) iota_client::node_manager::http_client     [94mDEBUG[0m GET: 1174 ms for 200 OK https://api.testnet.shimmer.network/api/core/v2/info
2024-06-05 11:53:58 (UTC) rustls::conn                               [94mDEBUG[0m Sending warning alert CloseNotify
2024-06-05 11:53:58 (UTC) iota_client::message_interface::message_handler [94mDEBUG[0m Message: GenerateMnemonic
2024-06-05 11:53:58 (UTC) iota_client::message_interface::message_handler [94mDEBUG[0m Response: GeneratedMnemonic(<omitted>)
2024-06-05 11:53:58 (UTC) client::message_handler                    [94mDEBUG[0m Error("unknown variant `storeMnemonic`, expected one of `buildAliasOutput`, `buildBasicOutput`, `buildFoundryOutput`, `buildNftOutput`, `generateAddresses`, `buildAndPostBlock`, `getNode`, `getNetworkInfo`, `getNetworkId`, `getBech32Hrp`, `getMinPowScore`, `getTipsInterval`, `getProtocolParameters`, `getLocalPow`, `getFallbackToLocalPow`, `unhealthyNodes`, `prepareTransaction`, `signTransaction`, `postBlockPayload`, `getHealth`, `getNodeInfo`, `getInfo`, `getPeers`, `getTips`, `postBlock`, `postBlockRaw`, `getBlock`, `getBlockMetadata`, `getBlockRaw`, `getOutput`, `getOutputMetadata`, `getMilestoneById`, `getMilestoneByIdRaw`, `getMilestoneByIndex`, `getMilestoneByIndexRaw`, `getUtxoChangesById`, `getUtxoChangesByIndex`, `getReceipts`, `getReceiptsMigratedAt`, `getTreasury`, `getIncludedBlock`, `basicOutputIds`, `aliasOutputIds`, `aliasOutputId`, `nftOutputIds`, `nftOutputId`, `foundryOutputIds`, `foundryOutputId`, `getOutputs`, `tryGetOutputs`, `findBlocks`, `retry`, `retryUntilIncluded`, `consolidateFunds`, `findInputs`, `findOutputs`, `reattach`, `reattachUnchecked`, `promote`, `promoteUnchecked`, `bech32ToHex`, `hexToBech32`, `aliasIdToBech32`, `nftIdToBech32`, `hexPublicKeyToBech32Address`, `parseBech32Address`, `isAddressValid`, `generateMnemonic`, `mnemonicToHexSeed`, `blockId`, `transactionId`, `computeAliasId`, `computeNftId`, `computeFoundryId`, `faucet`", line: 1, column: 23)
2024-06-05 11:54:55 (UTC) iota_client::node_manager::syncing         [94mDEBUG[0m sync_nodes
2024-06-05 11:54:55 (UTC) reqwest::connect                           [94mDEBUG[0m starting new connection: http://140.112.18.206:14265/
2024-06-05 11:54:55 (UTC) iota_client::node_manager::http_client     [94mDEBUG[0m GET: 15 ms for 200 OK http://140.112.18.206:14265/api/core/v2/info
2024-06-05 11:54:55 (UTC) iota_client::message_interface::message_handler [94mDEBUG[0m Message: GenerateMnemonic
2024-06-05 11:54:55 (UTC) iota_client::message_interface::message_handler [94mDEBUG[0m Response: GeneratedMnemonic(<omitted>)
2024-06-05 11:54:55 (UTC) client::message_handler                    [94mDEBUG[0m Error("unknown variant `storeMnemonic`, expected one of `buildAliasOutput`, `buildBasicOutput`, `buildFoundryOutput`, `buildNftOutput`, `generateAddresses`, `buildAndPostBlock`, `getNode`, `getNetworkInfo`, `getNetworkId`, `getBech32Hrp`, `getMinPowScore`, `getTipsInterval`, `getProtocolParameters`, `getLocalPow`, `getFallbackToLocalPow`, `unhealthyNodes`, `prepareTransaction`, `signTransaction`, `postBlockPayload`, `getHealth`, `getNodeInfo`, `getInfo`, `getPeers`, `getTips`, `postBlock`, `postBlockRaw`, `getBlock`, `getBlockMetadata`, `getBlockRaw`, `getOutput`, `getOutputMetadata`, `getMilestoneById`, `getMilestoneByIdRaw`, `getMilestoneByIndex`, `getMilestoneByIndexRaw`, `getUtxoChangesById`, `getUtxoChangesByIndex`, `getReceipts`, `getReceiptsMigratedAt`, `getTreasury`, `getIncludedBlock`, `basicOutputIds`, `aliasOutputIds`, `aliasOutputId`, `nftOutputIds`, `nftOutputId`, `foundryOutputIds`, `foundryOutputId`, `getOutputs`, `tryGetOutputs`, `findBlocks`, `retry`, `retryUntilIncluded`, `consolidateFunds`, `findInputs`, `findOutputs`, `reattach`, `reattachUnchecked`, `promote`, `promoteUnchecked`, `bech32ToHex`, `hexToBech32`, `aliasIdToBech32`, `nftIdToBech32`, `hexPublicKeyToBech32Address`, `parseBech32Address`, `isAddressValid`, `generateMnemonic`, `mnemonicToHexSeed`, `blockId`, `transactionId`, `computeAliasId`, `computeNftId`, `computeFoundryId`, `faucet`", line: 1, column: 23)
2024-06-05 11:55:52 (UTC) iota_client::node_manager::syncing         [94mDEBUG[0m sync_nodes
2024-06-05 11:55:52 (UTC) reqwest::connect                           [94mDEBUG[0m starting new connection: http://140.112.18.206:14265/
2024-06-05 11:55:52 (UTC) iota_client::node_manager::http_client     [94mDEBUG[0m GET: 296 ms for 200 OK http://140.112.18.206:14265/api/core/v2/info
2024-06-05 11:55:52 (UTC) iota_client::message_interface::message_handler [94mDEBUG[0m Message: GenerateMnemonic
2024-06-05 11:55:52 (UTC) iota_client::message_interface::message_handler [94mDEBUG[0m Response: GeneratedMnemonic(<omitted>)
2024-06-05 11:55:52 (UTC) client::message_handler                    [94mDEBUG[0m Error("unknown variant `storeMnemonic`, expected one of `buildAliasOutput`, `buildBasicOutput`, `buildFoundryOutput`, `buildNftOutput`, `generateAddresses`, `buildAndPostBlock`, `getNode`, `getNetworkInfo`, `getNetworkId`, `getBech32Hrp`, `getMinPowScore`, `getTipsInterval`, `getProtocolParameters`, `getLocalPow`, `getFallbackToLocalPow`, `unhealthyNodes`, `prepareTransaction`, `signTransaction`, `postBlockPayload`, `getHealth`, `getNodeInfo`, `getInfo`, `getPeers`, `getTips`, `postBlock`, `postBlockRaw`, `getBlock`, `getBlockMetadata`, `getBlockRaw`, `getOutput`, `getOutputMetadata`, `getMilestoneById`, `getMilestoneByIdRaw`, `getMilestoneByIndex`, `getMilestoneByIndexRaw`, `getUtxoChangesById`, `getUtxoChangesByIndex`, `getReceipts`, `getReceiptsMigratedAt`, `getTreasury`, `getIncludedBlock`, `basicOutputIds`, `aliasOutputIds`, `aliasOutputId`, `nftOutputIds`, `nftOutputId`, `foundryOutputIds`, `foundryOutputId`, `getOutputs`, `tryGetOutputs`, `findBlocks`, `retry`, `retryUntilIncluded`, `consolidateFunds`, `findInputs`, `findOutputs`, `reattach`, `reattachUnchecked`, `promote`, `promoteUnchecked`, `bech32ToHex`, `hexToBech32`, `aliasIdToBech32`, `nftIdToBech32`, `hexPublicKeyToBech32Address`, `parseBech32Address`, `isAddressValid`, `generateMnemonic`, `mnemonicToHexSeed`, `blockId`, `transactionId`, `computeAliasId`, `computeNftId`, `computeFoundryId`, `faucet`", line: 1, column: 23)
2024-06-05 11:58:02 (UTC) iota_client::node_manager::syncing         [94mDEBUG[0m sync_nodes
2024-06-05 11:58:02 (UTC) reqwest::connect                           [94mDEBUG[0m starting new connection: http://140.112.18.206:14265/
2024-06-05 11:58:02 (UTC) iota_client::node_manager::http_client     [94mDEBUG[0m GET: 11 ms for 200 OK http://140.112.18.206:14265/api/core/v2/info
2024-06-05 11:58:02 (UTC) iota_client::message_interface::message_handler [94mDEBUG[0m Message: GenerateMnemonic
2024-06-05 11:58:02 (UTC) iota_client::message_interface::message_handler [94mDEBUG[0m Response: GeneratedMnemonic(<omitted>)
2024-06-05 11:58:02 (UTC) client::message_handler                    [94mDEBUG[0m Error("unknown variant `stronghold`, expected one of `Mnemonic`, `HexSeed`, `Placeholder`", line: 1, column: 65)
2024-06-05 12:01:41 (UTC) iota_client::node_manager::syncing         [94mDEBUG[0m sync_nodes
2024-06-05 12:01:41 (UTC) reqwest::connect                           [94mDEBUG[0m starting new connection: http://140.112.18.206:14265/
2024-06-05 12:01:41 (UTC) iota_client::node_manager::http_client     [94mDEBUG[0m GET: 201 ms for 200 OK http://140.112.18.206:14265/api/core/v2/info
2024-06-05 12:01:41 (UTC) iota_client::message_interface::message_handler [94mDEBUG[0m Message: GenerateMnemonic
2024-06-05 12:01:41 (UTC) iota_client::message_interface::message_handler [94mDEBUG[0m Response: GeneratedMnemonic(<omitted>)
2024-06-05 12:02:05 (UTC) iota_client::node_manager::syncing         [94mDEBUG[0m sync_nodes
2024-06-05 12:02:05 (UTC) reqwest::connect                           [94mDEBUG[0m starting new connection: http://140.112.18.206:14265/
2024-06-05 12:02:05 (UTC) iota_client::node_manager::http_client     [94mDEBUG[0m GET: 13 ms for 200 OK http://140.112.18.206:14265/api/core/v2/info
2024-06-05 12:02:05 (UTC) iota_client::message_interface::message_handler [94mDEBUG[0m Message: GenerateMnemonic
2024-06-05 12:02:05 (UTC) iota_client::message_interface::message_handler [94mDEBUG[0m Response: GeneratedMnemonic(<omitted>)
2024-06-05 12:02:05 (UTC) iota_client::message_interface::message_handler [94mDEBUG[0m Response: MnemonicToHexSeed{ <omitted> }
2024-06-05 12:02:05 (UTC) iota_client::message_interface::message_handler [94mDEBUG[0m Response: MnemonicHexSeed(<omitted>)
2024-06-05 12:02:05 (UTC) client::message_handler                    [94mDEBUG[0m Error("unknown variant `storeMnemonic`, expected one of `buildAliasOutput`, `buildBasicOutput`, `buildFoundryOutput`, `buildNftOutput`, `generateAddresses`, `buildAndPostBlock`, `getNode`, `getNetworkInfo`, `getNetworkId`, `getBech32Hrp`, `getMinPowScore`, `getTipsInterval`, `getProtocolParameters`, `getLocalPow`, `getFallbackToLocalPow`, `unhealthyNodes`, `prepareTransaction`, `signTransaction`, `postBlockPayload`, `getHealth`, `getNodeInfo`, `getInfo`, `getPeers`, `getTips`, `postBlock`, `postBlockRaw`, `getBlock`, `getBlockMetadata`, `getBlockRaw`, `getOutput`, `getOutputMetadata`, `getMilestoneById`, `getMilestoneByIdRaw`, `getMilestoneByIndex`, `getMilestoneByIndexRaw`, `getUtxoChangesById`, `getUtxoChangesByIndex`, `getReceipts`, `getReceiptsMigratedAt`, `getTreasury`, `getIncludedBlock`, `basicOutputIds`, `aliasOutputIds`, `aliasOutputId`, `nftOutputIds`, `nftOutputId`, `foundryOutputIds`, `foundryOutputId`, `getOutputs`, `tryGetOutputs`, `findBlocks`, `retry`, `retryUntilIncluded`, `consolidateFunds`, `findInputs`, `findOutputs`, `reattach`, `reattachUnchecked`, `promote`, `promoteUnchecked`, `bech32ToHex`, `hexToBech32`, `aliasIdToBech32`, `nftIdToBech32`, `hexPublicKeyToBech32Address`, `parseBech32Address`, `isAddressValid`, `generateMnemonic`, `mnemonicToHexSeed`, `blockId`, `transactionId`, `computeAliasId`, `computeNftId`, `computeFoundryId`, `faucet`", line: 1, column: 23)
2024-06-05 12:02:55 (UTC) iota_client::node_manager::syncing         [94mDEBUG[0m sync_nodes
2024-06-05 12:02:55 (UTC) reqwest::connect                           [94mDEBUG[0m starting new connection: http://140.112.18.206:14265/
2024-06-05 12:02:55 (UTC) iota_client::node_manager::http_client     [94mDEBUG[0m GET: 121 ms for 200 OK http://140.112.18.206:14265/api/core/v2/info
2024-06-05 12:02:55 (UTC) iota_client::message_interface::message_handler [94mDEBUG[0m Message: GenerateMnemonic
2024-06-05 12:02:55 (UTC) iota_client::message_interface::message_handler [94mDEBUG[0m Response: GeneratedMnemonic(<omitted>)
2024-06-05 12:02:55 (UTC) iota_client::message_interface::message_handler [94mDEBUG[0m Response: MnemonicToHexSeed{ <omitted> }
2024-06-05 12:02:55 (UTC) iota_client::message_interface::message_handler [94mDEBUG[0m Response: MnemonicHexSeed(<omitted>)
2024-06-05 12:02:55 (UTC) client::message_handler                    [94mDEBUG[0m Error("unknown variant `storeMnemonic`, expected one of `buildAliasOutput`, `buildBasicOutput`, `buildFoundryOutput`, `buildNftOutput`, `generateAddresses`, `buildAndPostBlock`, `getNode`, `getNetworkInfo`, `getNetworkId`, `getBech32Hrp`, `getMinPowScore`, `getTipsInterval`, `getProtocolParameters`, `getLocalPow`, `getFallbackToLocalPow`, `unhealthyNodes`, `prepareTransaction`, `signTransaction`, `postBlockPayload`, `getHealth`, `getNodeInfo`, `getInfo`, `getPeers`, `getTips`, `postBlock`, `postBlockRaw`, `getBlock`, `getBlockMetadata`, `getBlockRaw`, `getOutput`, `getOutputMetadata`, `getMilestoneById`, `getMilestoneByIdRaw`, `getMilestoneByIndex`, `getMilestoneByIndexRaw`, `getUtxoChangesById`, `getUtxoChangesByIndex`, `getReceipts`, `getReceiptsMigratedAt`, `getTreasury`, `getIncludedBlock`, `basicOutputIds`, `aliasOutputIds`, `aliasOutputId`, `nftOutputIds`, `nftOutputId`, `foundryOutputIds`, `foundryOutputId`, `getOutputs`, `tryGetOutputs`, `findBlocks`, `retry`, `retryUntilIncluded`, `consolidateFunds`, `findInputs`, `findOutputs`, `reattach`, `reattachUnchecked`, `promote`, `promoteUnchecked`, `bech32ToHex`, `hexToBech32`, `aliasIdToBech32`, `nftIdToBech32`, `hexPublicKeyToBech32Address`, `parseBech32Address`, `isAddressValid`, `generateMnemonic`, `mnemonicToHexSeed`, `blockId`, `transactionId`, `computeAliasId`, `computeNftId`, `computeFoundryId`, `faucet`", line: 1, column: 23)
2024-06-05 12:09:07 (UTC) iota_client::node_manager::syncing         [94mDEBUG[0m sync_nodes
2024-06-05 12:09:07 (UTC) reqwest::connect                           [94mDEBUG[0m starting new connection: http://140.112.18.206:14265/
2024-06-05 12:09:07 (UTC) iota_client::node_manager::http_client     [94mDEBUG[0m GET: 25 ms for 200 OK http://140.112.18.206:14265/api/core/v2/info
2024-06-05 12:09:07 (UTC) iota_client::message_interface::message_handler [94mDEBUG[0m Message: GenerateMnemonic
2024-06-05 12:09:07 (UTC) iota_client::message_interface::message_handler [94mDEBUG[0m Response: GeneratedMnemonic(<omitted>)
2024-06-05 12:09:07 (UTC) iota_client::message_interface::message_handler [94mDEBUG[0m Response: MnemonicToHexSeed{ <omitted> }
2024-06-05 12:09:07 (UTC) iota_client::message_interface::message_handler [94mDEBUG[0m Response: MnemonicHexSeed(<omitted>)
2024-06-05 12:09:07 (UTC) client::message_handler                    [94mDEBUG[0m Error("unknown variant `storeMnemonic`, expected one of `buildAliasOutput`, `buildBasicOutput`, `buildFoundryOutput`, `buildNftOutput`, `generateAddresses`, `buildAndPostBlock`, `getNode`, `getNetworkInfo`, `getNetworkId`, `getBech32Hrp`, `getMinPowScore`, `getTipsInterval`, `getProtocolParameters`, `getLocalPow`, `getFallbackToLocalPow`, `unhealthyNodes`, `prepareTransaction`, `signTransaction`, `postBlockPayload`, `getHealth`, `getNodeInfo`, `getInfo`, `getPeers`, `getTips`, `postBlock`, `postBlockRaw`, `getBlock`, `getBlockMetadata`, `getBlockRaw`, `getOutput`, `getOutputMetadata`, `getMilestoneById`, `getMilestoneByIdRaw`, `getMilestoneByIndex`, `getMilestoneByIndexRaw`, `getUtxoChangesById`, `getUtxoChangesByIndex`, `getReceipts`, `getReceiptsMigratedAt`, `getTreasury`, `getIncludedBlock`, `basicOutputIds`, `aliasOutputIds`, `aliasOutputId`, `nftOutputIds`, `nftOutputId`, `foundryOutputIds`, `foundryOutputId`, `getOutputs`, `tryGetOutputs`, `findBlocks`, `retry`, `retryUntilIncluded`, `consolidateFunds`, `findInputs`, `findOutputs`, `reattach`, `reattachUnchecked`, `promote`, `promoteUnchecked`, `bech32ToHex`, `hexToBech32`, `aliasIdToBech32`, `nftIdToBech32`, `hexPublicKeyToBech32Address`, `parseBech32Address`, `isAddressValid`, `generateMnemonic`, `mnemonicToHexSeed`, `blockId`, `transactionId`, `computeAliasId`, `computeNftId`, `computeFoundryId`, `faucet`", line: 1, column: 23)
2024-06-05 12:17:21 (UTC) iota_client::node_manager::syncing         [94mDEBUG[0m sync_nodes
2024-06-05 12:17:21 (UTC) reqwest::connect                           [94mDEBUG[0m starting new connection: http://140.112.18.206:14265/
2024-06-05 12:17:21 (UTC) iota_client::node_manager::http_client     [94mDEBUG[0m GET: 26 ms for 200 OK http://140.112.18.206:14265/api/core/v2/info
2024-06-05 12:17:21 (UTC) iota_client::message_interface::message_handler [94mDEBUG[0m Message: GenerateMnemonic
2024-06-05 12:17:21 (UTC) iota_client::message_interface::message_handler [94mDEBUG[0m Response: GeneratedMnemonic(<omitted>)
2024-06-05 12:17:21 (UTC) iota_client::message_interface::message_handler [94mDEBUG[0m Response: MnemonicToHexSeed{ <omitted> }
2024-06-05 12:17:21 (UTC) iota_client::message_interface::message_handler [94mDEBUG[0m Response: MnemonicHexSeed(<omitted>)
2024-06-05 12:17:21 (UTC) client::message_handler                    [94mDEBUG[0m Error("unknown variant `stronghold`, expected one of `Mnemonic`, `HexSeed`, `Placeholder`", line: 1, column: 65)
2024-06-05 12:23:03 (UTC) iota_client::node_manager::syncing         [94mDEBUG[0m sync_nodes
2024-06-05 12:23:03 (UTC) reqwest::connect                           [94mDEBUG[0m starting new connection: http://140.112.18.206:14265/
2024-06-05 12:23:03 (UTC) iota_client::node_manager::http_client     [94mDEBUG[0m GET: 12 ms for 200 OK http://140.112.18.206:14265/api/core/v2/info
2024-06-05 12:23:03 (UTC) iota_client::message_interface::message_handler [94mDEBUG[0m Message: GenerateMnemonic
2024-06-05 12:23:03 (UTC) iota_client::message_interface::message_handler [94mDEBUG[0m Response: GeneratedMnemonic(<omitted>)
2024-06-05 12:23:03 (UTC) iota_client::message_interface::message_handler [94mDEBUG[0m Response: MnemonicToHexSeed{ <omitted> }
2024-06-05 12:23:03 (UTC) iota_client::message_interface::message_handler [94mDEBUG[0m Response: MnemonicHexSeed(<omitted>)
2024-06-05 12:23:03 (UTC) client::message_handler                    [94mDEBUG[0m Error("unknown variant `stronghold`, expected one of `Mnemonic`, `HexSeed`, `Placeholder`", line: 1, column: 65)
2024-06-05 12:23:10 (UTC) iota_client::node_manager::syncing         [94mDEBUG[0m sync_nodes
2024-06-05 12:23:10 (UTC) reqwest::connect                           [94mDEBUG[0m starting new connection: http://140.112.18.206:14265/
2024-06-05 12:23:10 (UTC) iota_client::node_manager::http_client     [94mDEBUG[0m GET: 12 ms for 200 OK http://140.112.18.206:14265/api/core/v2/info
2024-06-05 12:23:10 (UTC) iota_client::message_interface::message_handler [94mDEBUG[0m Message: GenerateMnemonic
2024-06-05 12:23:10 (UTC) iota_client::message_interface::message_handler [94mDEBUG[0m Response: GeneratedMnemonic(<omitted>)
2024-06-05 12:23:10 (UTC) iota_client::message_interface::message_handler [94mDEBUG[0m Response: MnemonicToHexSeed{ <omitted> }
2024-06-05 12:23:10 (UTC) iota_client::message_interface::message_handler [94mDEBUG[0m Response: MnemonicHexSeed(<omitted>)
2024-06-05 12:23:10 (UTC) client::message_handler                    [94mDEBUG[0m Error("unknown variant `storeMnemonic`, expected one of `buildAliasOutput`, `buildBasicOutput`, `buildFoundryOutput`, `buildNftOutput`, `generateAddresses`, `buildAndPostBlock`, `getNode`, `getNetworkInfo`, `getNetworkId`, `getBech32Hrp`, `getMinPowScore`, `getTipsInterval`, `getProtocolParameters`, `getLocalPow`, `getFallbackToLocalPow`, `unhealthyNodes`, `prepareTransaction`, `signTransaction`, `postBlockPayload`, `getHealth`, `getNodeInfo`, `getInfo`, `getPeers`, `getTips`, `postBlock`, `postBlockRaw`, `getBlock`, `getBlockMetadata`, `getBlockRaw`, `getOutput`, `getOutputMetadata`, `getMilestoneById`, `getMilestoneByIdRaw`, `getMilestoneByIndex`, `getMilestoneByIndexRaw`, `getUtxoChangesById`, `getUtxoChangesByIndex`, `getReceipts`, `getReceiptsMigratedAt`, `getTreasury`, `getIncludedBlock`, `basicOutputIds`, `aliasOutputIds`, `aliasOutputId`, `nftOutputIds`, `nftOutputId`, `foundryOutputIds`, `foundryOutputId`, `getOutputs`, `tryGetOutputs`, `findBlocks`, `retry`, `retryUntilIncluded`, `consolidateFunds`, `findInputs`, `findOutputs`, `reattach`, `reattachUnchecked`, `promote`, `promoteUnchecked`, `bech32ToHex`, `hexToBech32`, `aliasIdToBech32`, `nftIdToBech32`, `hexPublicKeyToBech32Address`, `parseBech32Address`, `isAddressValid`, `generateMnemonic`, `mnemonicToHexSeed`, `blockId`, `transactionId`, `computeAliasId`, `computeNftId`, `computeFoundryId`, `faucet`", line: 1, column: 23)
2024-06-05 12:23:33 (UTC) iota_client::node_manager::syncing         [94mDEBUG[0m sync_nodes
2024-06-05 12:23:33 (UTC) reqwest::connect                           [94mDEBUG[0m starting new connection: http://140.112.18.206:14265/
2024-06-05 12:23:33 (UTC) iota_client::node_manager::http_client     [94mDEBUG[0m GET: 16 ms for 200 OK http://140.112.18.206:14265/api/core/v2/info
2024-06-05 12:23:33 (UTC) iota_client::message_interface::message_handler [94mDEBUG[0m Message: GenerateMnemonic
2024-06-05 12:23:33 (UTC) iota_client::message_interface::message_handler [94mDEBUG[0m Response: GeneratedMnemonic(<omitted>)
2024-06-05 12:23:33 (UTC) iota_client::message_interface::message_handler [94mDEBUG[0m Response: MnemonicToHexSeed{ <omitted> }
2024-06-05 12:23:33 (UTC) iota_client::message_interface::message_handler [94mDEBUG[0m Response: MnemonicHexSeed(<omitted>)
2024-06-05 12:23:33 (UTC) client::message_handler                    [94mDEBUG[0m Error("unknown variant `storeMnemonic`, expected one of `buildAliasOutput`, `buildBasicOutput`, `buildFoundryOutput`, `buildNftOutput`, `generateAddresses`, `buildAndPostBlock`, `getNode`, `getNetworkInfo`, `getNetworkId`, `getBech32Hrp`, `getMinPowScore`, `getTipsInterval`, `getProtocolParameters`, `getLocalPow`, `getFallbackToLocalPow`, `unhealthyNodes`, `prepareTransaction`, `signTransaction`, `postBlockPayload`, `getHealth`, `getNodeInfo`, `getInfo`, `getPeers`, `getTips`, `postBlock`, `postBlockRaw`, `getBlock`, `getBlockMetadata`, `getBlockRaw`, `getOutput`, `getOutputMetadata`, `getMilestoneById`, `getMilestoneByIdRaw`, `getMilestoneByIndex`, `getMilestoneByIndexRaw`, `getUtxoChangesById`, `getUtxoChangesByIndex`, `getReceipts`, `getReceiptsMigratedAt`, `getTreasury`, `getIncludedBlock`, `basicOutputIds`, `aliasOutputIds`, `aliasOutputId`, `nftOutputIds`, `nftOutputId`, `foundryOutputIds`, `foundryOutputId`, `getOutputs`, `tryGetOutputs`, `findBlocks`, `retry`, `retryUntilIncluded`, `consolidateFunds`, `findInputs`, `findOutputs`, `reattach`, `reattachUnchecked`, `promote`, `promoteUnchecked`, `bech32ToHex`, `hexToBech32`, `aliasIdToBech32`, `nftIdToBech32`, `hexPublicKeyToBech32Address`, `parseBech32Address`, `isAddressValid`, `generateMnemonic`, `mnemonicToHexSeed`, `blockId`, `transactionId`, `computeAliasId`, `computeNftId`, `computeFoundryId`, `faucet`", line: 1, column: 23)
2024-06-05 12:27:22 (UTC) iota_client::node_manager::syncing         [94mDEBUG[0m sync_nodes
2024-06-05 12:27:22 (UTC) reqwest::connect                           [94mDEBUG[0m starting new connection: http://140.112.18.206:14265/
2024-06-05 12:27:22 (UTC) iota_client::node_manager::http_client     [94mDEBUG[0m GET: 179 ms for 200 OK http://140.112.18.206:14265/api/core/v2/info
2024-06-05 12:28:27 (UTC) iota_client::node_manager::syncing         [94mDEBUG[0m sync_nodes
2024-06-05 12:28:27 (UTC) reqwest::connect                           [94mDEBUG[0m starting new connection: http://140.112.18.206:14265/
2024-06-05 12:28:27 (UTC) iota_client::node_manager::http_client     [94mDEBUG[0m GET: 67 ms for 200 OK http://140.112.18.206:14265/api/core/v2/info
2024-06-05 12:28:27 (UTC) iota_client::message_interface::message_handler [94mDEBUG[0m Message: GenerateMnemonic
2024-06-05 12:28:27 (UTC) iota_client::message_interface::message_handler [94mDEBUG[0m Response: GeneratedMnemonic(<omitted>)
2024-06-05 12:28:27 (UTC) iota_client::message_interface::message_handler [94mDEBUG[0m Response: MnemonicToHexSeed{ <omitted> }
2024-06-05 12:28:27 (UTC) iota_client::message_interface::message_handler [94mDEBUG[0m Response: MnemonicHexSeed(<omitted>)
2024-06-05 12:28:27 (UTC) client::message_handler                    [94mDEBUG[0m Error("unknown variant `storeMnemonic`, expected one of `buildAliasOutput`, `buildBasicOutput`, `buildFoundryOutput`, `buildNftOutput`, `generateAddresses`, `buildAndPostBlock`, `getNode`, `getNetworkInfo`, `getNetworkId`, `getBech32Hrp`, `getMinPowScore`, `getTipsInterval`, `getProtocolParameters`, `getLocalPow`, `getFallbackToLocalPow`, `unhealthyNodes`, `prepareTransaction`, `signTransaction`, `postBlockPayload`, `getHealth`, `getNodeInfo`, `getInfo`, `getPeers`, `getTips`, `postBlock`, `postBlockRaw`, `getBlock`, `getBlockMetadata`, `getBlockRaw`, `getOutput`, `getOutputMetadata`, `getMilestoneById`, `getMilestoneByIdRaw`, `getMilestoneByIndex`, `getMilestoneByIndexRaw`, `getUtxoChangesById`, `getUtxoChangesByIndex`, `getReceipts`, `getReceiptsMigratedAt`, `getTreasury`, `getIncludedBlock`, `basicOutputIds`, `aliasOutputIds`, `aliasOutputId`, `nftOutputIds`, `nftOutputId`, `foundryOutputIds`, `foundryOutputId`, `getOutputs`, `tryGetOutputs`, `findBlocks`, `retry`, `retryUntilIncluded`, `consolidateFunds`, `findInputs`, `findOutputs`, `reattach`, `reattachUnchecked`, `promote`, `promoteUnchecked`, `bech32ToHex`, `hexToBech32`, `aliasIdToBech32`, `nftIdToBech32`, `hexPublicKeyToBech32Address`, `parseBech32Address`, `isAddressValid`, `generateMnemonic`, `mnemonicToHexSeed`, `blockId`, `transactionId`, `computeAliasId`, `computeNftId`, `computeFoundryId`, `faucet`", line: 1, column: 23)
2024-06-05 12:29:21 (UTC) iota_client::node_manager::syncing         [94mDEBUG[0m sync_nodes
2024-06-05 12:29:21 (UTC) reqwest::connect                           [94mDEBUG[0m starting new connection: http://140.112.18.206:14265/
2024-06-05 12:29:21 (UTC) iota_client::node_manager::http_client     [94mDEBUG[0m GET: 68 ms for 200 OK http://140.112.18.206:14265/api/core/v2/info
2024-06-05 12:29:21 (UTC) iota_client::message_interface::message_handler [94mDEBUG[0m Message: GenerateMnemonic
2024-06-05 12:29:21 (UTC) iota_client::message_interface::message_handler [94mDEBUG[0m Response: GeneratedMnemonic(<omitted>)
2024-06-05 12:29:21 (UTC) iota_client::message_interface::message_handler [94mDEBUG[0m Response: MnemonicToHexSeed{ <omitted> }
2024-06-05 12:29:21 (UTC) iota_client::message_interface::message_handler [94mDEBUG[0m Response: MnemonicHexSeed(<omitted>)
2024-06-05 12:29:21 (UTC) client::message_handler                    [94mDEBUG[0m Error("unknown variant `storeMnemonic`, expected one of `buildAliasOutput`, `buildBasicOutput`, `buildFoundryOutput`, `buildNftOutput`, `generateAddresses`, `buildAndPostBlock`, `getNode`, `getNetworkInfo`, `getNetworkId`, `getBech32Hrp`, `getMinPowScore`, `getTipsInterval`, `getProtocolParameters`, `getLocalPow`, `getFallbackToLocalPow`, `unhealthyNodes`, `prepareTransaction`, `signTransaction`, `postBlockPayload`, `getHealth`, `getNodeInfo`, `getInfo`, `getPeers`, `getTips`, `postBlock`, `postBlockRaw`, `getBlock`, `getBlockMetadata`, `getBlockRaw`, `getOutput`, `getOutputMetadata`, `getMilestoneById`, `getMilestoneByIdRaw`, `getMilestoneByIndex`, `getMilestoneByIndexRaw`, `getUtxoChangesById`, `getUtxoChangesByIndex`, `getReceipts`, `getReceiptsMigratedAt`, `getTreasury`, `getIncludedBlock`, `basicOutputIds`, `aliasOutputIds`, `aliasOutputId`, `nftOutputIds`, `nftOutputId`, `foundryOutputIds`, `foundryOutputId`, `getOutputs`, `tryGetOutputs`, `findBlocks`, `retry`, `retryUntilIncluded`, `consolidateFunds`, `findInputs`, `findOutputs`, `reattach`, `reattachUnchecked`, `promote`, `promoteUnchecked`, `bech32ToHex`, `hexToBech32`, `aliasIdToBech32`, `nftIdToBech32`, `hexPublicKeyToBech32Address`, `parseBech32Address`, `isAddressValid`, `generateMnemonic`, `mnemonicToHexSeed`, `blockId`, `transactionId`, `computeAliasId`, `computeNftId`, `computeFoundryId`, `faucet`", line: 1, column: 23)
2024-06-05 12:30:56 (UTC) iota_client::node_manager::syncing         [94mDEBUG[0m sync_nodes
2024-06-05 12:30:56 (UTC) reqwest::connect                           [94mDEBUG[0m starting new connection: http://140.112.18.206:14265/
2024-06-05 12:30:56 (UTC) iota_client::node_manager::http_client     [94mDEBUG[0m GET: 23 ms for 200 OK http://140.112.18.206:14265/api/core/v2/info
2024-06-05 12:31:59 (UTC) iota_client::node_manager::syncing         [94mDEBUG[0m sync_nodes
2024-06-05 12:31:59 (UTC) reqwest::connect                           [94mDEBUG[0m starting new connection: http://140.112.18.206:14265/
2024-06-05 12:31:59 (UTC) iota_client::node_manager::http_client     [94mDEBUG[0m GET: 28 ms for 200 OK http://140.112.18.206:14265/api/core/v2/info
2024-06-05 12:31:59 (UTC) iota_client::message_interface::message_handler [94mDEBUG[0m Message: GenerateMnemonic
2024-06-05 12:31:59 (UTC) iota_client::message_interface::message_handler [94mDEBUG[0m Response: GeneratedMnemonic(<omitted>)
2024-06-05 12:31:59 (UTC) iota_client::message_interface::message_handler [94mDEBUG[0m Response: MnemonicToHexSeed{ <omitted> }
2024-06-05 12:31:59 (UTC) iota_client::message_interface::message_handler [94mDEBUG[0m Response: MnemonicHexSeed(<omitted>)
2024-06-05 12:31:59 (UTC) client::message_handler                    [94mDEBUG[0m Error("unknown variant `storeMnemonic`, expected one of `buildAliasOutput`, `buildBasicOutput`, `buildFoundryOutput`, `buildNftOutput`, `generateAddresses`, `buildAndPostBlock`, `getNode`, `getNetworkInfo`, `getNetworkId`, `getBech32Hrp`, `getMinPowScore`, `getTipsInterval`, `getProtocolParameters`, `getLocalPow`, `getFallbackToLocalPow`, `unhealthyNodes`, `prepareTransaction`, `signTransaction`, `postBlockPayload`, `getHealth`, `getNodeInfo`, `getInfo`, `getPeers`, `getTips`, `postBlock`, `postBlockRaw`, `getBlock`, `getBlockMetadata`, `getBlockRaw`, `getOutput`, `getOutputMetadata`, `getMilestoneById`, `getMilestoneByIdRaw`, `getMilestoneByIndex`, `getMilestoneByIndexRaw`, `getUtxoChangesById`, `getUtxoChangesByIndex`, `getReceipts`, `getReceiptsMigratedAt`, `getTreasury`, `getIncludedBlock`, `basicOutputIds`, `aliasOutputIds`, `aliasOutputId`, `nftOutputIds`, `nftOutputId`, `foundryOutputIds`, `foundryOutputId`, `getOutputs`, `tryGetOutputs`, `findBlocks`, `retry`, `retryUntilIncluded`, `consolidateFunds`, `findInputs`, `findOutputs`, `reattach`, `reattachUnchecked`, `promote`, `promoteUnchecked`, `bech32ToHex`, `hexToBech32`, `aliasIdToBech32`, `nftIdToBech32`, `hexPublicKeyToBech32Address`, `parseBech32Address`, `isAddressValid`, `generateMnemonic`, `mnemonicToHexSeed`, `blockId`, `transactionId`, `computeAliasId`, `computeNftId`, `computeFoundryId`, `faucet`", line: 1, column: 23)
